<?xml version="1.0" encoding="UTF-8"?>
<testsuite xmlns:xsi="http://www.w3.org/2001/XMLSchema-instance" xsi:noNamespaceSchemaLocation="https://maven.apache.org/surefire/maven-surefire-plugin/xsd/surefire-test-report-3.0.xsd" version="3.0" name="com.paytm.wallet.TransferConcurrencyIntegrationTest" time="0.873" tests="1" errors="1" skipped="0" failures="0">
  <properties>
[...]
</properties>
  <testcase name="" classname="com.paytm.wallet.TransferConcurrencyIntegrationTest" time="0.873">
    <error message="Could not find a valid Docker environment. Please see logs and check configuration" type="java.lang.IllegalStateException"><![CDATA[java.lang.IllegalStateException: Could not find a valid Docker environment. Please see logs and check configuration
	at org.testcontainers.dockerclient.DockerClientProviderStrategy.lambda$getFirstValidStrategy$7(DockerClientProviderStrategy.java:277)
	at java.base/java.util.Optional.orElseThrow(Optional.java:403)
	at org.testcontainers.dockerclient.DockerClientProviderStrategy.getFirstValidStrategy(DockerClientProviderStrategy.java:268)
	at org.testcontainers.DockerClientFactory.getOrInitializeStrategy(DockerClientFactory.java:152)
	at org.testcontainers.DockerClientFactory.client(DockerClientFactory.java:194)
	at org.testcontainers.DockerClientFactory$1.getDockerClient(DockerClientFactory.java:106)
	at com.github.dockerjava.api.DockerClientDelegate.authConfig(DockerClientDelegate.java:109)
	at org.testcontainers.containers.GenericContainer.start(GenericContainer.java:329)
	at org.testcontainers.junit.jupiter.TestcontainersExtension$StoreAdapter.start(TestcontainersExtension.java:280)
	at org.testcontainers.junit.jupiter.TestcontainersExtension$StoreAdapter.access$200(TestcontainersExtension.java:267)
	at org.testcontainers.junit.jupiter.TestcontainersExtension.lambda$null$4(TestcontainersExtension.java:82)
	at org.testcontainers.junit.jupiter.TestcontainersExtension.lambda$startContainers$5(TestcontainersExtension.java:82)
	at java.base/java.util.ArrayList.forEach(ArrayList.java:1511)
	at org.testcontainers.junit.jupiter.TestcontainersExtension.startContainers(TestcontainersExtension.java:82)
	at org.testcontainers.junit.jupiter.TestcontainersExtension.beforeAll(TestcontainersExtension.java:56)
	at java.base/java.util.ArrayList.forEach(ArrayList.java:1511)
]]></error>
    <system-out><![CDATA[22:46:44.414 [main] INFO org.springframework.test.context.support.AnnotationConfigContextLoaderUtils -- Could not detect default configuration classes for test class [com.paytm.wallet.TransferConcurrencyIntegrationTest]: TransferConcurrencyIntegrationTest does not declare any static, non-private, non-final, nested classes annotated with @Configuration.
22:46:44.541 [main] INFO org.springframework.boot.test.context.SpringBootTestContextBootstrapper -- Found @SpringBootConfiguration com.paytm.wallet.WalletApplication for test class com.paytm.wallet.TransferConcurrencyIntegrationTest
22:46:44.734 [main] INFO org.testcontainers.images.PullPolicy -- Image pull policy will be performed by: DefaultPullPolicy()
22:46:44.737 [main] INFO org.testcontainers.utility.ImageNameSubstitutor -- Image name substitution will be performed by: DefaultImageNameSubstitutor (composite of 'ConfigurationFileImageNameSubstitutor' and 'PrefixingImageNameSubstitutor')
22:46:45.059 [main] INFO org.testcontainers.dockerclient.DockerMachineClientProviderStrategy -- docker-machine executable was not found on PATH ([C:/Users/priya/.gemini/antigravity/bin, C:\Users\priya\AppData\Roaming\Antigravity\bin, C:\Program Files\Microsoft\jdk-17.0.10.7-hotspot\bin, C:\Program Files\Common Files\Oracle\Java\javapath, C:\Users\priya\AppData\Local\Programs\Python\Python311\Scripts, C:\Users\priya\AppData\Local\Programs\Python\Python311, C:\Windows\system32, C:\Windows, C:\Windows\System32\Wbem, C:\Windows\System32\WindowsPowerShell\v1.0\, C:\Windows\System32\OpenSSH\, C:\Program Files (x86)\NVIDIA Corporation\PhysX\Common, C:\Program Files\NVIDIA Corporation\NVIDIA NvDLISR, C:\WINDOWS\system32, C:\WINDOWS, C:\WINDOWS\System32\Wbem, C:\WINDOWS\System32\WindowsPowerShell\v1.0\, C:\WINDOWS\System32\OpenSSH\, C:\ProgramData\chocolatey\bin, C:\Program Files\OpenJDK\openjdk-11.0.15_10\bin, C:\Program Files\MongoDB\Server\6.0\bin, C:\mongosh-1.6.0\bin, C:\Program Files\Git\cmd, C:\Users\priya\AppData\Roaming\Python\Scripts\poetry.exe, C:\Program Files\nodejs\, C:\Program Files\MATLAB\R2023b\bin, C:\Program Files\Docker\Docker\resources\bin, C:\Program Files\Apache\maven\apache-maven-3.9.9\bin, C:\Program Files\WSL\, C:\Users\priya\anaconda3, C:\Users\priya\anaconda3\Library\mingw-w64\bin, C:\Users\priya\anaconda3\Library\usr\bin, C:\Users\priya\anaconda3\Library\bin, C:\Users\priya\anaconda3\Scripts, C:\Users\priya\AppData\Local\Programs\Python\Python311\Scripts\, C:\Users\priya\AppData\Local\Programs\Python\Python311\, C:\Program Files\MySQL\MySQL Shell 8.0\bin\, C:\Users\priya\AppData\Local\Microsoft\WindowsApps, C:\Users\priya\AppData\Local\Programs\Microsoft VS Code\bin, C:\Program Files\mingw-w64\x86_64-8.1.0-posix-seh-rt_v6-rev0\mingw64\bin, C:\Program Files\MongoDB\Server\6.0\bin\, C:\Program Files (x86)\Vim\vim90, C:\Users\priya\AppData\Roaming\Python\Scripts\poetry, C:\Users\priya\AppData\Roaming\npm, C:\Program Files\PostgreSQL\15\bin])
22:46:45.060 [main] ERROR org.testcontainers.dockerclient.DockerClientProviderStrategy -- Could not find a valid Docker environment. Please check configuration. Attempted configurations were:
As no valid configuration was found, execution cannot continue.
See https://java.testcontainers.org/on_failure.html for more details.
]]></system-out>
  </testcase>
</testsuite>